<?xml version="1.0" encoding="UTF-8"?>
<!-- Generated by org.testng.reporters.JUnitReportReporter -->
<testsuite hostname="LAPTOP-3FQ714OR" failures="0" tests="1" name="SumofAllCourse" time="3.060" errors="0" timestamp="2020-04-20T16:17:56 IST" skipped="0">
  <testcase classname="SumofAllCourse" name="sumOfCourses" time="3.060"/>
  <system-out/>
</testsuite> <!-- SumofAllCourse -->
