<?xml version="1.0" encoding="UTF-8"?>
<!-- Generated by org.testng.reporters.JUnitReportReporter -->
<testsuite hostname="LAPTOP-3FQ714OR" failures="0" tests="1" name="LibraryApiDynJson" time="6.283" errors="0" timestamp="2020-04-21T21:31:33 IST" skipped="0">
  <testcase classname="LibraryApiDynJson" name="AddBook" time="6.283"/>
  <system-out/>
</testsuite> <!-- LibraryApiDynJson -->
