<?xml version="1.0" encoding="UTF-8"?>
<!-- Generated by org.testng.reporters.JUnitReportReporter -->
<testsuite hostname="LAPTOP-3FQ714OR" failures="0" tests="1" name="LibraryApiStaticJson" time="7.615" errors="0" timestamp="2020-04-21T23:51:54 IST" skipped="0">
  <testcase classname="LibraryApiStaticJson" name="AddBook" time="7.615"/>
  <system-out/>
</testsuite> <!-- LibraryApiStaticJson -->
